\BOOKMARK [1][-]{section.1}{Introduction}{}% 1
\BOOKMARK [1][-]{section.2}{Existing literature}{}% 2
\BOOKMARK [1][-]{section.3}{Empirical setting}{}% 3
\BOOKMARK [2][-]{subsection.3.1}{Parliamentary debates in the Folketing}{section.3}% 4
\BOOKMARK [2][-]{subsection.3.2}{Denmark as `least likely' setting}{section.3}% 5
\BOOKMARK [2][-]{subsection.3.3}{Hypothesis}{section.3}% 6
\BOOKMARK [1][-]{section.4}{Data and measurement}{}% 7
\BOOKMARK [2][-]{subsection.4.1}{Obtaining speech data}{section.4}% 8
\BOOKMARK [2][-]{subsection.4.2}{Summary statistics}{section.4}% 9
\BOOKMARK [2][-]{subsection.4.3}{Modeling strategy}{section.4}% 10
\BOOKMARK [1][-]{section.5}{Results}{}% 11
\BOOKMARK [2][-]{subsection.5.1}{Robustness check: binary speaking time measure}{section.5}% 12
\BOOKMARK [2][-]{subsection.5.2}{Making sense of the magnitude of bias}{section.5}% 13
\BOOKMARK [2][-]{subsection.5.3}{Political moderators: Distance or party group affiliation? }{section.5}% 14
\BOOKMARK [2][-]{subsection.5.4}{Effect heterogeneity across chairmen}{section.5}% 15
\BOOKMARK [1][-]{section.6}{Conclusion}{}% 16
\BOOKMARK [1][-]{appendix.A}{Appendix}{}% 17
\BOOKMARK [2][-]{subsection.A.1}{Predicting chairman activity}{appendix.A}% 18
\BOOKMARK [2][-]{subsection.A.2}{Robustness checks of main results}{appendix.A}% 19
\BOOKMARK [2][-]{subsection.A.3}{Effect heterogeneity across chairmen}{appendix.A}% 20
