This is pdfTeX, Version 3.14159265-2.6-1.40.16 (MiKTeX 2.9 64-bit) (preloaded format=latex 2016.3.11)  24 MAY 2016 13:49
entering extended mode
**\makeatletter\def\HCode{\futurelet\HCode\HChar}\def\HChar{\ifx\HCode\def\HCod
e##1{\Link##1}\expandafter\HCode\else\expandafter\Link\fi}\def\Link#1.a.b.c.{\g
@addto@macro\@documentclasshook{\RequirePackage[#1,html]{tex4ht}}\let\HCode\doc
umentstyle\def\documentstyle{\let\documentstyle\HCode\expandafter\def\csname te
x4ht\endcsname{#1,html}\def\HCode####1{\documentstyle[tex4ht,}\@ifnextchar[{\HC
ode}{\documentstyle[tex4ht]}}}\makeatother\HCode .a.b.c.\input  parlbias_prq_fi
nal
(parlbias_prq_final.tex ("C:\Program Files\MiKTeX 2.9\tex\latex\base\article.cl
s"
Document Class: article 2014/09/29 v1.4h Standard LaTeX document class
("C:\Program Files\MiKTeX 2.9\tex\latex\base\size12.clo"
File: size12.clo 2014/09/29 v1.4h Standard LaTeX file (size option)
)
\c@part=\count79
\c@section=\count80
\c@subsection=\count81
\c@subsubsection=\count82
\c@paragraph=\count83
\c@subparagraph=\count84
\c@figure=\count85
\c@table=\count86
\abovecaptionskip=\skip41
\belowcaptionskip=\skip42
\bibindent=\dimen102
)
("C:\Program Files\MiKTeX 2.9\tex\generic\tex4ht\tex4ht.sty"
version 2008-10-27-17:23
Package: tex4ht 
--------------------------------------
--- Note --- for _ at preamble, use the command line option `early_'
--------------------------------------
--------------------------------------
--- Note --- for ^ at preamble, use the command line option `early^'
--------------------------------------
\tmp:toks=\toks14
)
("C:\Program Files\MiKTeX 2.9\tex\generic\tex4ht\usepackage.4ht"
version 2009-05-21-09:32
)
("C:\Program Files\MiKTeX 2.9\tex\latex\base\inputenc.sty"
Package: inputenc 2015/03/17 v1.2c Input encoding file
\inpenc@prehook=\toks15
\inpenc@posthook=\toks16

("C:\Program Files\MiKTeX 2.9\tex\latex\base\utf8.def"
File: utf8.def 2015/09/07 v1.1p UTF-8 support for inputenc
Now handling font encoding OML ...
... no UTF-8 mapping file for font encoding OML
Now handling font encoding T1 ...
... processing UTF-8 mapping file for font encoding T1

("C:\Program Files\MiKTeX 2.9\tex\latex\base\t1enc.dfu"
File: t1enc.dfu 2015/09/07 v1.1p UTF-8 support for inputenc
   defining Unicode char U+00A0 (decimal 160)
   defining Unicode char U+00A1 (decimal 161)
   defining Unicode char U+00A3 (decimal 163)
   defining Unicode char U+00AB (decimal 171)
   defining Unicode char U+00AD (decimal 173)
   defining Unicode char U+00BB (decimal 187)
   defining Unicode char U+00BF (decimal 191)
   defining Unicode char U+00C0 (decimal 192)
   defining Unicode char U+00C1 (decimal 193)
   defining Unicode char U+00C2 (decimal 194)
   defining Unicode char U+00C3 (decimal 195)
   defining Unicode char U+00C4 (decimal 196)
   defining Unicode char U+00C5 (decimal 197)
   defining Unicode char U+00C6 (decimal 198)
   defining Unicode char U+00C7 (decimal 199)
   defining Unicode char U+00C8 (decimal 200)
   defining Unicode char U+00C9 (decimal 201)
   defining Unicode char U+00CA (decimal 202)
   defining Unicode char U+00CB (decimal 203)
   defining Unicode char U+00CC (decimal 204)
   defining Unicode char U+00CD (decimal 205)
   defining Unicode char U+00CE (decimal 206)
   defining Unicode char U+00CF (decimal 207)
   defining Unicode char U+00D0 (decimal 208)
   defining Unicode char U+00D1 (decimal 209)
   defining Unicode char U+00D2 (decimal 210)
   defining Unicode char U+00D3 (decimal 211)
   defining Unicode char U+00D4 (decimal 212)
   defining Unicode char U+00D5 (decimal 213)
   defining Unicode char U+00D6 (decimal 214)
   defining Unicode char U+00D8 (decimal 216)
   defining Unicode char U+00D9 (decimal 217)
   defining Unicode char U+00DA (decimal 218)
   defining Unicode char U+00DB (decimal 219)
   defining Unicode char U+00DC (decimal 220)
   defining Unicode char U+00DD (decimal 221)
   defining Unicode char U+00DE (decimal 222)
   defining Unicode char U+00DF (decimal 223)
   defining Unicode char U+00E0 (decimal 224)
   defining Unicode char U+00E1 (decimal 225)
   defining Unicode char U+00E2 (decimal 226)
   defining Unicode char U+00E3 (decimal 227)
   defining Unicode char U+00E4 (decimal 228)
   defining Unicode char U+00E5 (decimal 229)
   defining Unicode char U+00E6 (decimal 230)
   defining Unicode char U+00E7 (decimal 231)
   defining Unicode char U+00E8 (decimal 232)
   defining Unicode char U+00E9 (decimal 233)
   defining Unicode char U+00EA (decimal 234)
   defining Unicode char U+00EB (decimal 235)
   defining Unicode char U+00EC (decimal 236)
   defining Unicode char U+00ED (decimal 237)
   defining Unicode char U+00EE (decimal 238)
   defining Unicode char U+00EF (decimal 239)
   defining Unicode char U+00F0 (decimal 240)
   defining Unicode char U+00F1 (decimal 241)
   defining Unicode char U+00F2 (decimal 242)
   defining Unicode char U+00F3 (decimal 243)
   defining Unicode char U+00F4 (decimal 244)
   defining Unicode char U+00F5 (decimal 245)
   defining Unicode char U+00F6 (decimal 246)
   defining Unicode char U+00F8 (decimal 248)
   defining Unicode char U+00F9 (decimal 249)
   defining Unicode char U+00FA (decimal 250)
   defining Unicode char U+00FB (decimal 251)
   defining Unicode char U+00FC (decimal 252)
   defining Unicode char U+00FD (decimal 253)
   defining Unicode char U+00FE (decimal 254)
   defining Unicode char U+00FF (decimal 255)
   defining Unicode char U+0102 (decimal 258)
   defining Unicode char U+0103 (decimal 259)
   defining Unicode char U+0104 (decimal 260)
   defining Unicode char U+0105 (decimal 261)
   defining Unicode char U+0106 (decimal 262)
   defining Unicode char U+0107 (decimal 263)
   defining Unicode char U+010C (decimal 268)
   defining Unicode char U+010D (decimal 269)
   defining Unicode char U+010E (decimal 270)
   defining Unicode char U+010F (decimal 271)
   defining Unicode char U+0110 (decimal 272)
   defining Unicode char U+0111 (decimal 273)
   defining Unicode char U+0118 (decimal 280)
   defining Unicode char U+0119 (decimal 281)
   defining Unicode char U+011A (decimal 282)
   defining Unicode char U+011B (decimal 283)
   defining Unicode char U+011E (decimal 286)
   defining Unicode char U+011F (decimal 287)
   defining Unicode char U+0130 (decimal 304)
   defining Unicode char U+0131 (decimal 305)
   defining Unicode char U+0132 (decimal 306)
   defining Unicode char U+0133 (decimal 307)
   defining Unicode char U+0139 (decimal 313)
   defining Unicode char U+013A (decimal 314)
   defining Unicode char U+013D (decimal 317)
   defining Unicode char U+013E (decimal 318)
   defining Unicode char U+0141 (decimal 321)
   defining Unicode char U+0142 (decimal 322)
   defining Unicode char U+0143 (decimal 323)
   defining Unicode char U+0144 (decimal 324)
   defining Unicode char U+0147 (decimal 327)
   defining Unicode char U+0148 (decimal 328)
   defining Unicode char U+014A (decimal 330)
   defining Unicode char U+014B (decimal 331)
   defining Unicode char U+0150 (decimal 336)
   defining Unicode char U+0151 (decimal 337)
   defining Unicode char U+0152 (decimal 338)
   defining Unicode char U+0153 (decimal 339)
   defining Unicode char U+0154 (decimal 340)
   defining Unicode char U+0155 (decimal 341)
   defining Unicode char U+0158 (decimal 344)
   defining Unicode char U+0159 (decimal 345)
   defining Unicode char U+015A (decimal 346)
   defining Unicode char U+015B (decimal 347)
   defining Unicode char U+015E (decimal 350)
   defining Unicode char U+015F (decimal 351)
   defining Unicode char U+0160 (decimal 352)
   defining Unicode char U+0161 (decimal 353)
   defining Unicode char U+0162 (decimal 354)
   defining Unicode char U+0163 (decimal 355)
   defining Unicode char U+0164 (decimal 356)
   defining Unicode char U+0165 (decimal 357)
   defining Unicode char U+016E (decimal 366)
   defining Unicode char U+016F (decimal 367)
   defining Unicode char U+0170 (decimal 368)
   defining Unicode char U+0171 (decimal 369)
   defining Unicode char U+0174 (decimal 372)
   defining Unicode char U+0175 (decimal 373)
   defining Unicode char U+0176 (decimal 374)
   defining Unicode char U+0177 (decimal 375)
   defining Unicode char U+0178 (decimal 376)
   defining Unicode char U+0179 (decimal 377)
   defining Unicode char U+017A (decimal 378)
   defining Unicode char U+017B (decimal 379)
   defining Unicode char U+017C (decimal 380)
   defining Unicode char U+017D (decimal 381)
   defining Unicode char U+017E (decimal 382)
   defining Unicode char U+0218 (decimal 536)
   defining Unicode char U+0219 (decimal 537)
   defining Unicode char U+021A (decimal 538)
   defining Unicode char U+021B (decimal 539)
   defining Unicode char U+200C (decimal 8204)
   defining Unicode char U+2013 (decimal 8211)
   defining Unicode char U+2014 (decimal 8212)
   defining Unicode char U+2018 (decimal 8216)
   defining Unicode char U+2019 (decimal 8217)
   defining Unicode char U+201A (decimal 8218)
   defining Unicode char U+201C (decimal 8220)
   defining Unicode char U+201D (decimal 8221)
   defining Unicode char U+201E (decimal 8222)
   defining Unicode char U+2030 (decimal 8240)
   defining Unicode char U+2031 (decimal 8241)
   defining Unicode char U+2039 (decimal 8249)
   defining Unicode char U+203A (decimal 8250)
   defining Unicode char U+2423 (decimal 9251)
)
Now handling font encoding OT1 ...
... processing UTF-8 mapping file for font encoding OT1

("C:\Program Files\MiKTeX 2.9\tex\latex\base\ot1enc.dfu"
File: ot1enc.dfu 2015/09/07 v1.1p UTF-8 support for inputenc
   defining Unicode char U+00A0 (decimal 160)
   defining Unicode char U+00A1 (decimal 161)
   defining Unicode char U+00A3 (decimal 163)
   defining Unicode char U+00AD (decimal 173)
   defining Unicode char U+00B8 (decimal 184)
   defining Unicode char U+00BF (decimal 191)
   defining Unicode char U+00C5 (decimal 197)
   defining Unicode char U+00C6 (decimal 198)
   defining Unicode char U+00D8 (decimal 216)
   defining Unicode char U+00DF (decimal 223)
   defining Unicode char U+00E6 (decimal 230)
   defining Unicode char U+00EC (decimal 236)
   defining Unicode char U+00ED (decimal 237)
   defining Unicode char U+00EE (decimal 238)
   defining Unicode char U+00EF (decimal 239)
   defining Unicode char U+00F8 (decimal 248)
   defining Unicode char U+0131 (decimal 305)
   defining Unicode char U+0141 (decimal 321)
   defining Unicode char U+0142 (decimal 322)
   defining Unicode char U+0152 (decimal 338)
   defining Unicode char U+0153 (decimal 339)
   defining Unicode char U+0174 (decimal 372)
   defining Unicode char U+0175 (decimal 373)
   defining Unicode char U+0176 (decimal 374)
   defining Unicode char U+0177 (decimal 375)
   defining Unicode char U+0218 (decimal 536)
   defining Unicode char U+0219 (decimal 537)
   defining Unicode char U+021A (decimal 538)
   defining Unicode char U+021B (decimal 539)
   defining Unicode char U+2013 (decimal 8211)
   defining Unicode char U+2014 (decimal 8212)
   defining Unicode char U+2018 (decimal 8216)
   defining Unicode char U+2019 (decimal 8217)
   defining Unicode char U+201C (decimal 8220)
   defining Unicode char U+201D (decimal 8221)
)
Now handling font encoding OMS ...
... processing UTF-8 mapping file for font encoding OMS

("C:\Program Files\MiKTeX 2.9\tex\latex\base\omsenc.dfu"
File: omsenc.dfu 2015/09/07 v1.1p UTF-8 support for inputenc
   defining Unicode char U+00A7 (decimal 167)
   defining Unicode char U+00B6 (decimal 182)
   defining Unicode char U+00B7 (decimal 183)
   defining Unicode char U+2020 (decimal 8224)
   defining Unicode char U+2021 (decimal 8225)
   defining Unicode char U+2022 (decimal 8226)
)
Now handling font encoding OMX ...
... no UTF-8 mapping file for font encoding OMX
Now handling font encoding U ...
... no UTF-8 mapping file for font encoding U
   defining Unicode char U+00A9 (decimal 169)
   defining Unicode char U+00AA (decimal 170)
   defining Unicode char U+00AE (decimal 174)
   defining Unicode char U+00BA (decimal 186)
   defining Unicode char U+02C6 (decimal 710)
   defining Unicode char U+02DC (decimal 732)
   defining Unicode char U+200C (decimal 8204)
   defining Unicode char U+2026 (decimal 8230)
   defining Unicode char U+2122 (decimal 8482)
   defining Unicode char U+2423 (decimal 9251)
))
("C:\Program Files\MiKTeX 2.9\tex\latex\amsmath\amsmath.sty"
Package: amsmath 2013/01/14 v2.14 AMS math features
\@mathmargin=\skip43

For additional information on amsmath, use the `?' option.
("C:\Program Files\MiKTeX 2.9\tex\latex\amsmath\amstext.sty"
Package: amstext 2000/06/29 v2.01

("C:\Program Files\MiKTeX 2.9\tex\latex\amsmath\amsgen.sty"
File: amsgen.sty 1999/11/30 v2.0
\@emptytoks=\toks17
\ex@=\dimen103
))
("C:\Program Files\MiKTeX 2.9\tex\latex\amsmath\amsbsy.sty"
Package: amsbsy 1999/11/29 v1.2d
\pmbraise@=\dimen104
)
("C:\Program Files\MiKTeX 2.9\tex\latex\amsmath\amsopn.sty"
Package: amsopn 1999/12/14 v2.01 operator names
)
\inf@bad=\count87
LaTeX Info: Redefining \frac on input line 210.
\uproot@=\count88
\leftroot@=\count89
LaTeX Info: Redefining \overline on input line 306.
\classnum@=\count90
\DOTSCASE@=\count91
LaTeX Info: Redefining \ldots on input line 378.
LaTeX Info: Redefining \dots on input line 381.
LaTeX Info: Redefining \cdots on input line 466.
\Mathstrutbox@=\box26
\strutbox@=\box27
\big@size=\dimen105
LaTeX Font Info:    Redeclaring font encoding OML on input line 566.
LaTeX Font Info:    Redeclaring font encoding OMS on input line 567.
\macc@depth=\count92
\c@MaxMatrixCols=\count93
\dotsspace@=\muskip10
\c@parentequation=\count94
\dspbrk@lvl=\count95
\tag@help=\toks18
\row@=\count96
\column@=\count97
\maxfields@=\count98
\andhelp@=\toks19
\eqnshift@=\dimen106
\alignsep@=\dimen107
\tagshift@=\dimen108
\tagwidth@=\dimen109
\totwidth@=\dimen110
\lineht@=\dimen111
\@envbody=\toks20
\multlinegap=\skip44
\multlinetaggap=\skip45
\mathdisplay@stack=\toks21
LaTeX Info: Redefining \[ on input line 2665.
LaTeX Info: Redefining \] on input line 2666.
)
("C:\Program Files\MiKTeX 2.9\tex\latex\amsfonts\amsfonts.sty"
Package: amsfonts 2013/01/14 v3.01 Basic AMSFonts support
\symAMSa=\mathgroup4
\symAMSb=\mathgroup5
LaTeX Font Info:    Overwriting math alphabet `\mathfrak' in version `bold'
(Font)                  U/euf/m/n --> U/euf/b/n on input line 106.
)
("C:\Program Files\MiKTeX 2.9\tex\latex\amsfonts\amssymb.sty"
Package: amssymb 2013/01/14 v3.01 AMS font symbols
)
("C:\Program Files\MiKTeX 2.9\tex\latex\graphics\graphicx.sty"
Package: graphicx 2014/10/28 v1.0g Enhanced LaTeX Graphics (DPC,SPQR)

("C:\Program Files\MiKTeX 2.9\tex\latex\graphics\keyval.sty"
Package: keyval 2014/10/28 v1.15 key=value parser (DPC)
\KV@toks@=\toks22
)
("C:\Program Files\MiKTeX 2.9\tex\latex\graphics\graphics.sty"
Package: graphics 2014/10/28 v1.0p Standard LaTeX Graphics (DPC,SPQR)

("C:\Program Files\MiKTeX 2.9\tex\latex\graphics\trig.sty"
Package: trig 1999/03/16 v1.09 sin cos tan (DPC)
)
("C:\Program Files\MiKTeX 2.9\tex\latex\00miktex\graphics.cfg"
File: graphics.cfg 2007/01/18 v1.5 graphics configuration of teTeX/TeXLive
)
Package graphics Info: Driver file: dvips.def on input line 94.

("C:\Program Files\MiKTeX 2.9\tex\latex\graphics\dvips.def"
File: dvips.def 2014/10/14 v3.0j Driver-dependent file (DPC,SPQR)
))
\Gin@req@height=\dimen112
\Gin@req@width=\dimen113
)
("C:\Program Files\MiKTeX 2.9\tex\latex\booktabs\booktabs.sty"
Package: booktabs 2005/04/14 v1.61803 publication quality tables
\heavyrulewidth=\dimen114
\lightrulewidth=\dimen115
\cmidrulewidth=\dimen116
\belowrulesep=\dimen117
\belowbottomsep=\dimen118
\aboverulesep=\dimen119
\abovetopsep=\dimen120
\cmidrulesep=\dimen121
\cmidrulekern=\dimen122
\defaultaddspace=\dimen123
\@cmidla=\count99
\@cmidlb=\count100
\@aboverulesep=\dimen124
\@belowrulesep=\dimen125
\@thisruleclass=\count101
\@lastruleclass=\count102
\@thisrulewidth=\dimen126
)
("C:\Program Files\MiKTeX 2.9\tex\latex\natbib\natbib.sty"
Package: natbib 2010/09/13 8.31b (PWD, AO)
\bibhang=\skip46
\bibsep=\skip47
LaTeX Info: Redefining \cite on input line 694.
\c@NAT@ctr=\count103
)
("C:\Program Files\MiKTeX 2.9\tex\latex\tools\dcolumn.sty"
Package: dcolumn 2014/10/28 v1.06 decimal alignment package (DPC)

("C:\Program Files\MiKTeX 2.9\tex\latex\tools\array.sty"
Package: array 2014/10/28 v2.4c Tabular extension package (FMi)
\col@sep=\dimen127
\extrarowheight=\dimen128
\NC@list=\toks23
\extratabsurround=\skip48
\backup@length=\skip49
))
("C:\Program Files\MiKTeX 2.9\tex\latex\setspace\setspace.sty"
Package: setspace 2011/12/19 v6.7a set line spacing
)
("C:\Program Files\MiKTeX 2.9\tex\latex\oberdiek\pdflscape.sty"
Package: pdflscape 2008/08/11 v0.10 Display of landscape pages in PDF (HO)

("C:\Program Files\MiKTeX 2.9\tex\latex\graphics\lscape.sty"
Package: lscape 2000/10/22 v3.01 Landscape Pages (DPC)
)
("C:\Program Files\MiKTeX 2.9\tex\generic\oberdiek\ifpdf.sty"
Package: ifpdf 2011/01/30 v2.3 Provides the ifpdf switch (HO)
Package ifpdf Info: pdfTeX in PDF mode is not detected.
)
("C:\Program Files\MiKTeX 2.9\tex\generic\ifxetex\ifxetex.sty"
Package: ifxetex 2010/09/12 v0.6 Provides ifxetex conditional
)
Package pdflscape Info: Auto-detected driver: dvips (dvips) on input line 124.

("C:\Program Files\MiKTeX 2.9\tex\generic\oberdiek\atbegshi.sty"
Package: atbegshi 2011/10/05 v1.16 At begin shipout hook (HO)

("C:\Program Files\MiKTeX 2.9\tex\generic\oberdiek\infwarerr.sty"
Package: infwarerr 2010/04/08 v1.3 Providing info/warning/error messages (HO)
)
("C:\Program Files\MiKTeX 2.9\tex\generic\oberdiek\ltxcmds.sty"
Package: ltxcmds 2011/11/09 v1.22 LaTeX kernel commands for general use (HO)
)))
("C:\Program Files\MiKTeX 2.9\tex\latex\tabulary\tabulary.sty"
Package: tabulary 2014/06/11 v0.10 tabulary package (DPC)
\TY@count=\count104
\TY@linewidth=\dimen129
\tymin=\dimen130
\tymax=\dimen131
\TY@tablewidth=\dimen132
)
("C:\Program Files\MiKTeX 2.9\tex\latex\base\fontenc.sty"
Package: fontenc 2005/09/27 v1.99g Standard LaTeX package

("C:\Program Files\MiKTeX 2.9\tex\latex\base\t1enc.def"
File: t1enc.def 2005/09/27 v1.99g Standard LaTeX file
LaTeX Font Info:    Redeclaring font encoding T1 on input line 48.
))
("C:\Program Files\MiKTeX 2.9\tex\latex\lm\lmodern.sty"
Package: lmodern 2009/10/30 v1.6 Latin Modern Fonts
LaTeX Font Info:    Overwriting symbol font `operators' in version `normal'
(Font)                  OT1/cmr/m/n --> OT1/lmr/m/n on input line 22.
LaTeX Font Info:    Overwriting symbol font `letters' in version `normal'
(Font)                  OML/cmm/m/it --> OML/lmm/m/it on input line 23.
LaTeX Font Info:    Overwriting symbol font `symbols' in version `normal'
(Font)                  OMS/cmsy/m/n --> OMS/lmsy/m/n on input line 24.
LaTeX Font Info:    Overwriting symbol font `largesymbols' in version `normal'
(Font)                  OMX/cmex/m/n --> OMX/lmex/m/n on input line 25.
LaTeX Font Info:    Overwriting symbol font `operators' in version `bold'
(Font)                  OT1/cmr/bx/n --> OT1/lmr/bx/n on input line 26.
LaTeX Font Info:    Overwriting symbol font `letters' in version `bold'
(Font)                  OML/cmm/b/it --> OML/lmm/b/it on input line 27.
LaTeX Font Info:    Overwriting symbol font `symbols' in version `bold'
(Font)                  OMS/cmsy/b/n --> OMS/lmsy/b/n on input line 28.
LaTeX Font Info:    Overwriting symbol font `largesymbols' in version `bold'
(Font)                  OMX/cmex/m/n --> OMX/lmex/m/n on input line 29.
LaTeX Font Info:    Overwriting math alphabet `\mathbf' in version `normal'
(Font)                  OT1/cmr/bx/n --> OT1/lmr/bx/n on input line 31.
LaTeX Font Info:    Overwriting math alphabet `\mathsf' in version `normal'
(Font)                  OT1/cmss/m/n --> OT1/lmss/m/n on input line 32.
LaTeX Font Info:    Overwriting math alphabet `\mathit' in version `normal'
(Font)                  OT1/cmr/m/it --> OT1/lmr/m/it on input line 33.
LaTeX Font Info:    Overwriting math alphabet `\mathtt' in version `normal'
(Font)                  OT1/cmtt/m/n --> OT1/lmtt/m/n on input line 34.
LaTeX Font Info:    Overwriting math alphabet `\mathbf' in version `bold'
(Font)                  OT1/cmr/bx/n --> OT1/lmr/bx/n on input line 35.
LaTeX Font Info:    Overwriting math alphabet `\mathsf' in version `bold'
(Font)                  OT1/cmss/bx/n --> OT1/lmss/bx/n on input line 36.
LaTeX Font Info:    Overwriting math alphabet `\mathit' in version `bold'
(Font)                  OT1/cmr/bx/it --> OT1/lmr/bx/it on input line 37.
LaTeX Font Info:    Overwriting math alphabet `\mathtt' in version `bold'
(Font)                  OT1/cmtt/m/n --> OT1/lmtt/m/n on input line 38.
)
("C:\Program Files\MiKTeX 2.9\tex\latex\microtype\microtype.sty"
Package: microtype 2013/05/23 v2.5a Micro-typographical refinements (RS)
\MT@toks=\toks24
\MT@count=\count105
LaTeX Info: Redefining \textls on input line 766.
\MT@outer@kern=\dimen133
LaTeX Info: Redefining \textmicrotypecontext on input line 1285.
\MT@listname@count=\count106

("C:\Program Files\MiKTeX 2.9\tex\latex\microtype\microtype-pdftex.def"
File: microtype-pdftex.def 2013/05/23 v2.5a Definitions specific to pdftex (RS)

LaTeX Info: Redefining \lsstyle on input line 915.
LaTeX Info: Redefining \lslig on input line 915.
\MT@outer@space=\skip50
)
Package microtype Info: Loading configuration file microtype.cfg.

("C:\Program Files\MiKTeX 2.9\tex\latex\microtype\microtype.cfg"
File: microtype.cfg 2013/05/23 v2.5a microtype main configuration file (RS)
))
("C:\Program Files\MiKTeX 2.9\tex\latex\geometry\geometry.sty"
Package: geometry 2010/09/12 v5.6 Page Geometry

("C:\Program Files\MiKTeX 2.9\tex\generic\oberdiek\ifvtex.sty"
Package: ifvtex 2010/03/01 v1.5 Detect VTeX and its facilities (HO)
Package ifvtex Info: VTeX not detected.
)
\Gm@cnth=\count107
\Gm@cntv=\count108
\c@Gm@tempcnt=\count109
\Gm@bindingoffset=\dimen134
\Gm@wd@mp=\dimen135
\Gm@odd@mp=\dimen136
\Gm@even@mp=\dimen137
\Gm@layoutwidth=\dimen138
\Gm@layoutheight=\dimen139
\Gm@layouthoffset=\dimen140
\Gm@layoutvoffset=\dimen141
\Gm@dimlist=\toks25

("C:\Program Files\MiKTeX 2.9\tex\latex\geometry\geometry.cfg"))
("C:\Program Files\MiKTeX 2.9\tex\latex\todonotes\todonotes.sty"
Package: todonotes 2015/07/09 .dtx Todonotes source and documentation.
Package: todonotes 2012/07/25

("C:\Program Files\MiKTeX 2.9\tex\latex\base\ifthen.sty"
Package: ifthen 2014/09/29 v1.1c Standard LaTeX ifthen package (DPC)
)
("C:\Program Files\MiKTeX 2.9\tex\latex\xkeyval\xkeyval.sty"
Package: xkeyval 2014/12/03 v2.7a package option processing (HA)

("C:\Program Files\MiKTeX 2.9\tex\generic\xkeyval\xkeyval.tex"
("C:\Program Files\MiKTeX 2.9\tex\generic\xkeyval\xkvutils.tex"
\XKV@toks=\toks26
\XKV@tempa@toks=\toks27
)
\XKV@depth=\count110
File: xkeyval.tex 2014/12/03 v2.7a key=value parser (HA)
))
("C:\Program Files\MiKTeX 2.9\tex\latex\xcolor\xcolor.sty"
Package: xcolor 2007/01/21 v2.11 LaTeX color extensions (UK)

("C:\Program Files\MiKTeX 2.9\tex\latex\00miktex\color.cfg"
File: color.cfg 2007/01/18 v1.5 color configuration of teTeX/TeXLive
)
Package xcolor Info: Driver file: dvips.def on input line 225.
Package xcolor Info: Model `cmy' substituted by `cmy0' on input line 1337.
Package xcolor Info: Model `RGB' extended on input line 1353.
Package xcolor Info: Model `HTML' substituted by `rgb' on input line 1355.
Package xcolor Info: Model `Hsb' substituted by `hsb' on input line 1356.
Package xcolor Info: Model `tHsb' substituted by `hsb' on input line 1357.
Package xcolor Info: Model `HSB' substituted by `hsb' on input line 1358.
Package xcolor Info: Model `Gray' substituted by `gray' on input line 1359.
Package xcolor Info: Model `wave' substituted by `hsb' on input line 1360.
)
("C:\Program Files\MiKTeX 2.9\tex\latex\pgf\frontendlayer\tikz.sty"
("C:\Program Files\MiKTeX 2.9\tex\latex\pgf\basiclayer\pgf.sty"
("C:\Program Files\MiKTeX 2.9\tex\latex\pgf\utilities\pgfrcs.sty"
("C:\Program Files\MiKTeX 2.9\tex\generic\pgf\utilities\pgfutil-common.tex"
\pgfutil@everybye=\toks28
\pgfutil@tempdima=\dimen142
\pgfutil@tempdimb=\dimen143

("C:\Program Files\MiKTeX 2.9\tex\generic\pgf\utilities\pgfutil-common-lists.te
x")) ("C:\Program Files\MiKTeX 2.9\tex\generic\pgf\utilities\pgfutil-latex.def"
\pgfutil@abb=\box28
("C:\Program Files\MiKTeX 2.9\tex\latex\ms\everyshi.sty"
Package: everyshi 2001/05/15 v3.00 EveryShipout Package (MS)
))
("C:\Program Files\MiKTeX 2.9\tex\generic\pgf\utilities\pgfrcs.code.tex"
Package: pgfrcs 2015/08/07 v3.0.1a (rcs-revision 1.31)
))
Package: pgf 2015/08/07 v3.0.1a (rcs-revision 1.15)

("C:\Program Files\MiKTeX 2.9\tex\latex\pgf\basiclayer\pgfcore.sty"
("C:\Program Files\MiKTeX 2.9\tex\latex\pgf\systemlayer\pgfsys.sty"
("C:\Program Files\MiKTeX 2.9\tex\generic\pgf\systemlayer\pgfsys.code.tex"
Package: pgfsys 2014/07/09 v3.0.1a (rcs-revision 1.48)

("C:\Program Files\MiKTeX 2.9\tex\generic\pgf\utilities\pgfkeys.code.tex"
\pgfkeys@pathtoks=\toks29
\pgfkeys@temptoks=\toks30

("C:\Program Files\MiKTeX 2.9\tex\generic\pgf\utilities\pgfkeysfiltered.code.te
x"
\pgfkeys@tmptoks=\toks31
))
\pgf@x=\dimen144
\pgf@y=\dimen145
\pgf@xa=\dimen146
\pgf@ya=\dimen147
\pgf@xb=\dimen148
\pgf@yb=\dimen149
\pgf@xc=\dimen150
\pgf@yc=\dimen151
\w@pgf@writea=\write3
\r@pgf@reada=\read1
\c@pgf@counta=\count111
\c@pgf@countb=\count112
\c@pgf@countc=\count113
\c@pgf@countd=\count114
\t@pgf@toka=\toks32
\t@pgf@tokb=\toks33
\t@pgf@tokc=\toks34
 ("C:\Program Files\MiKTeX 2.9\tex\generic\pgf\systemlayer\pgf.cfg"
File: pgf.cfg 2008/05/14  (rcs-revision 1.7)
)
Driver file for pgf: pgfsys-tex4ht.def

("C:\Program Files\MiKTeX 2.9\tex\generic\pgf\systemlayer\pgfsys-tex4ht.def"
File: pgfsys-tex4ht.def 2013/08/06  (rcs-revision 1.25)

("C:\Program Files\MiKTeX 2.9\tex\generic\pgf\systemlayer\pgfsys-common-svg.def
"
File: pgfsys-common-svg.def 2013/08/28  (rcs-revision 1.24)
\pgf@sys@svg@objectcount=\count115
\pgf@sys@svg@scopecount=\count116
)
\pgf@sys@svg@picnum=\count117
\pgf@sys@svg@nodenum=\count118
\pgfsys@foreignobject@Box=\box29
\pgf@s=\dimen152
\pgf@t=\dimen153
))
("C:\Program Files\MiKTeX 2.9\tex\generic\pgf\systemlayer\pgfsyssoftpath.code.t
ex"
File: pgfsyssoftpath.code.tex 2013/09/09  (rcs-revision 1.9)
\pgfsyssoftpath@smallbuffer@items=\count119
\pgfsyssoftpath@bigbuffer@items=\count120
)
("C:\Program Files\MiKTeX 2.9\tex\generic\pgf\systemlayer\pgfsysprotocol.code.t
ex"
File: pgfsysprotocol.code.tex 2006/10/16  (rcs-revision 1.4)
)) ("C:\Program Files\MiKTeX 2.9\tex\generic\pgf\basiclayer\pgfcore.code.tex"
Package: pgfcore 2010/04/11 v3.0.1a (rcs-revision 1.7)
 ("C:\Program Files\MiKTeX 2.9\tex\generic\pgf\math\pgfmath.code.tex"
("C:\Program Files\MiKTeX 2.9\tex\generic\pgf\math\pgfmathcalc.code.tex"
("C:\Program Files\MiKTeX 2.9\tex\generic\pgf\math\pgfmathutil.code.tex")
("C:\Program Files\MiKTeX 2.9\tex\generic\pgf\math\pgfmathparser.code.tex"
\pgfmath@dimen=\dimen154
\pgfmath@count=\count121
\pgfmath@box=\box30
\pgfmath@toks=\toks35
\pgfmath@stack@operand=\toks36
\pgfmath@stack@operation=\toks37
)
("C:\Program Files\MiKTeX 2.9\tex\generic\pgf\math\pgfmathfunctions.code.tex"
("C:\Program Files\MiKTeX 2.9\tex\generic\pgf\math\pgfmathfunctions.basic.code.
tex")
("C:\Program Files\MiKTeX 2.9\tex\generic\pgf\math\pgfmathfunctions.trigonometr
ic.code.tex")
("C:\Program Files\MiKTeX 2.9\tex\generic\pgf\math\pgfmathfunctions.random.code
.tex")
("C:\Program Files\MiKTeX 2.9\tex\generic\pgf\math\pgfmathfunctions.comparison.
code.tex")
("C:\Program Files\MiKTeX 2.9\tex\generic\pgf\math\pgfmathfunctions.base.code.t
ex")
("C:\Program Files\MiKTeX 2.9\tex\generic\pgf\math\pgfmathfunctions.round.code.
tex")
("C:\Program Files\MiKTeX 2.9\tex\generic\pgf\math\pgfmathfunctions.misc.code.t
ex")
("C:\Program Files\MiKTeX 2.9\tex\generic\pgf\math\pgfmathfunctions.integerarit
hmetics.code.tex")))
("C:\Program Files\MiKTeX 2.9\tex\generic\pgf\math\pgfmathfloat.code.tex"
\c@pgfmathroundto@lastzeros=\count122
))
("C:\Program Files\MiKTeX 2.9\tex\generic\pgf\basiclayer\pgfcorepoints.code.tex
"
File: pgfcorepoints.code.tex 2013/10/07  (rcs-revision 1.27)
\pgf@picminx=\dimen155
\pgf@picmaxx=\dimen156
\pgf@picminy=\dimen157
\pgf@picmaxy=\dimen158
\pgf@pathminx=\dimen159
\pgf@pathmaxx=\dimen160
\pgf@pathminy=\dimen161
\pgf@pathmaxy=\dimen162
\pgf@xx=\dimen163
\pgf@xy=\dimen164
\pgf@yx=\dimen165
\pgf@yy=\dimen166
\pgf@zx=\dimen167
\pgf@zy=\dimen168
)
("C:\Program Files\MiKTeX 2.9\tex\generic\pgf\basiclayer\pgfcorepathconstruct.c
ode.tex"
File: pgfcorepathconstruct.code.tex 2013/10/07  (rcs-revision 1.29)
\pgf@path@lastx=\dimen169
\pgf@path@lasty=\dimen170
)
("C:\Program Files\MiKTeX 2.9\tex\generic\pgf\basiclayer\pgfcorepathusage.code.
tex"
File: pgfcorepathusage.code.tex 2014/11/02  (rcs-revision 1.24)
\pgf@shorten@end@additional=\dimen171
\pgf@shorten@start@additional=\dimen172
)
("C:\Program Files\MiKTeX 2.9\tex\generic\pgf\basiclayer\pgfcorescopes.code.tex
"
File: pgfcorescopes.code.tex 2015/05/08  (rcs-revision 1.46)
\pgfpic=\box31
\pgf@hbox=\box32
\pgf@layerbox@main=\box33
\pgf@picture@serial@count=\count123
)
("C:\Program Files\MiKTeX 2.9\tex\generic\pgf\basiclayer\pgfcoregraphicstate.co
de.tex"
File: pgfcoregraphicstate.code.tex 2014/11/02  (rcs-revision 1.12)
\pgflinewidth=\dimen173
)
("C:\Program Files\MiKTeX 2.9\tex\generic\pgf\basiclayer\pgfcoretransformations
.code.tex"
File: pgfcoretransformations.code.tex 2015/08/07  (rcs-revision 1.20)
\pgf@pt@x=\dimen174
\pgf@pt@y=\dimen175
\pgf@pt@temp=\dimen176
)
("C:\Program Files\MiKTeX 2.9\tex\generic\pgf\basiclayer\pgfcorequick.code.tex"
File: pgfcorequick.code.tex 2008/10/09  (rcs-revision 1.3)
)
("C:\Program Files\MiKTeX 2.9\tex\generic\pgf\basiclayer\pgfcoreobjects.code.te
x"
File: pgfcoreobjects.code.tex 2006/10/11  (rcs-revision 1.2)
)
("C:\Program Files\MiKTeX 2.9\tex\generic\pgf\basiclayer\pgfcorepathprocessing.
code.tex"
File: pgfcorepathprocessing.code.tex 2013/09/09  (rcs-revision 1.9)
)
("C:\Program Files\MiKTeX 2.9\tex\generic\pgf\basiclayer\pgfcorearrows.code.tex
"
File: pgfcorearrows.code.tex 2015/05/14  (rcs-revision 1.43)
\pgfarrowsep=\dimen177
)
("C:\Program Files\MiKTeX 2.9\tex\generic\pgf\basiclayer\pgfcoreshade.code.tex"
File: pgfcoreshade.code.tex 2013/07/15  (rcs-revision 1.15)
\pgf@max=\dimen178
\pgf@sys@shading@range@num=\count124
) ("C:\Program Files\MiKTeX 2.9\tex\generic\pgf\basiclayer\pgfcoreimage.code.te
x"
File: pgfcoreimage.code.tex 2013/07/15  (rcs-revision 1.18)

("C:\Program Files\MiKTeX 2.9\tex\generic\pgf\basiclayer\pgfcoreexternal.code.t
ex"
File: pgfcoreexternal.code.tex 2014/07/09  (rcs-revision 1.21)
\pgfexternal@startupbox=\box34
))
("C:\Program Files\MiKTeX 2.9\tex\generic\pgf\basiclayer\pgfcorelayers.code.tex
"
File: pgfcorelayers.code.tex 2013/07/18  (rcs-revision 1.7)
)
("C:\Program Files\MiKTeX 2.9\tex\generic\pgf\basiclayer\pgfcoretransparency.co
de.tex"
File: pgfcoretransparency.code.tex 2013/09/30  (rcs-revision 1.5)
)
("C:\Program Files\MiKTeX 2.9\tex\generic\pgf\basiclayer\pgfcorepatterns.code.t
ex"
File: pgfcorepatterns.code.tex 2013/11/07  (rcs-revision 1.5)
)))
("C:\Program Files\MiKTeX 2.9\tex\generic\pgf\modules\pgfmoduleshapes.code.tex"
File: pgfmoduleshapes.code.tex 2014/03/21  (rcs-revision 1.35)
\pgfnodeparttextbox=\box35
) ("C:\Program Files\MiKTeX 2.9\tex\generic\pgf\modules\pgfmoduleplot.code.tex"
File: pgfmoduleplot.code.tex 2015/08/03  (rcs-revision 1.13)
)
("C:\Program Files\MiKTeX 2.9\tex\latex\pgf\compatibility\pgfcomp-version-0-65.
sty"
Package: pgfcomp-version-0-65 2007/07/03 v3.0.1a (rcs-revision 1.7)

! Undefined control sequence.
\pgfsys@svg@newline ->\Hnewline 
                                
l.190   \pgfusepathqfill}
                         
? 
! Undefined control sequence.
\pgfsys@svg@newline ->\Hnewline 
                                
l.190   \pgfusepathqfill}
                         
? 
! Undefined control sequence.
\pgfsys@svg@newline ->\Hnewline 
                                
l.190   \pgfusepathqfill}
                         
? 
! Undefined control sequence.
\pgfsys@svg@newline ->\Hnewline 
                                
l.190   \pgfusepathqfill}
                         
? 
! Undefined control sequence.
\pgfsys@svg@newline ->\Hnewline 
                                
l.190   \pgfusepathqfill}
                         
? 
! Undefined control sequence.
\pgfsys@svg@newline ->\Hnewline 
                                
l.209   \pgfusepathqstroke}
                           
? 
! Undefined control sequence.
\pgfsys@svg@newline ->\Hnewline 
                                
l.209   \pgfusepathqstroke}
                           
? 
! Undefined control sequence.
\pgfsys@svg@newline ->\Hnewline 
                                
l.209   \pgfusepathqstroke}
                           
? 
! Undefined control sequence.
\pgfsys@svg@newline ->\Hnewline 
                                
l.209   \pgfusepathqstroke}
                           
? 
! Undefined control sequence.
\pgfsys@svg@newline ->\Hnewline 
                                
l.209   \pgfusepathqstroke}
                           
? 
! Undefined control sequence.
\pgfsys@svg@newline ->\Hnewline 
                                
l.209   \pgfusepathqstroke}
                           
? 
! Undefined control sequence.
\pgfsys@svg@newline ->\Hnewline 
                                
l.209   \pgfusepathqstroke}
                           
? 
! Undefined control sequence.
\pgfsys@svg@newline ->\Hnewline 
                                
l.209   \pgfusepathqstroke}
                           
? 
! Undefined control sequence.
\pgfsys@svg@newline ->\Hnewline 
                                
l.209   \pgfusepathqstroke}
                           
? 
! Undefined control sequence.
\pgfsys@svg@newline ->\Hnewline 
                                
l.209   \pgfusepathqstroke}
                           
? 
! Undefined control sequence.
\pgfsys@svg@newline ->\Hnewline 
                                
l.209   \pgfusepathqstroke}
                           
? 
! Undefined control sequence.
\pgfsys@svg@newline ->\Hnewline 
                                
l.209   \pgfusepathqstroke}
                           
? 
! Undefined control sequence.
\pgfsys@svg@newline ->\Hnewline 
                                
l.209   \pgfusepathqstroke}
                           
? 
! Undefined control sequence.
\pgfsys@svg@newline ->\Hnewline 
                                
l.214   \pgfusepathqstroke}
                           
? 
! Undefined control sequence.
\pgfsys@svg@newline ->\Hnewline 
                                
l.214   \pgfusepathqstroke}
                           
? 
! Undefined control sequence.
\pgfsys@svg@newline ->\Hnewline 
                                
l.214   \pgfusepathqstroke}
                           
? 
! Undefined control sequence.
\pgfsys@svg@newline ->\Hnewline 
                                
l.214   \pgfusepathqstroke}
                           
? 
! Undefined control sequence.
\pgfsys@svg@newline ->\Hnewline 
                                
l.214   \pgfusepathqstroke}
                           
? 
! Undefined control sequence.
\pgfsys@svg@newline ->\Hnewline 
                                
l.214   \pgfusepathqstroke}
                           
? 
! Undefined control sequence.
\pgfsys@svg@newline ->\Hnewline 
                                
l.214   \pgfusepathqstroke}
                           
? 
! Undefined control sequence.
\pgfsys@svg@newline ->\Hnewline 
                                
l.221   \pgfusepathqstroke}
                           
? 
! Undefined control sequence.
\pgfsys@svg@newline ->\Hnewline 
                                
l.221   \pgfusepathqstroke}
                           
? 
! Undefined control sequence.
\pgfsys@svg@newline ->\Hnewline 
                                
l.221   \pgfusepathqstroke}
                           
? 
! Undefined control sequence.
\pgfsys@svg@newline ->\Hnewline 
                                
l.221   \pgfusepathqstroke}
                           
? 
! Undefined control sequence.
\pgfsys@svg@newline ->\Hnewline 
                                
l.221   \pgfusepathqstroke}
                           
? 
! Undefined control sequence.
\pgfsys@svg@newline ->\Hnewline 
                                
l.221   \pgfusepathqstroke}
                           
? 
! Undefined control sequence.
\pgfsys@svg@newline ->\Hnewline 
                                
l.221   \pgfusepathqstroke}
                           
? 
! Undefined control sequence.
\pgfsys@svg@newline ->\Hnewline 
                                
l.226   \pgfusepathqstroke}
                           
? 
! Undefined control sequence.
\pgfsys@svg@newline ->\Hnewline 
                                
l.226   \pgfusepathqstroke}
                           
? 
! Undefined control sequence.
\pgfsys@svg@newline ->\Hnewline 
                                
l.226   \pgfusepathqstroke}
                           
? 
! Undefined control sequence.
\pgfsys@svg@newline ->\Hnewline 
                                
l.226   \pgfusepathqstroke}
                           
? 
! Undefined control sequence.
\pgfsys@svg@newline ->\Hnewline 
                                
l.226   \pgfusepathqstroke}
                           
? 
! Undefined control sequence.
\pgfsys@svg@newline ->\Hnewline 
                                
l.226   \pgfusepathqstroke}
                           
? 
! Undefined control sequence.
\pgfsys@svg@newline ->\Hnewline 
                                
l.226   \pgfusepathqstroke}
                           
? 
! Undefined control sequence.
\pgfsys@svg@newline ->\Hnewline 
                                
l.232   \pgfusepathqstroke}
                           
? 
! Undefined control sequence.
\pgfsys@svg@newline ->\Hnewline 
                                
l.232   \pgfusepathqstroke}
                           
? 
! Undefined control sequence.
\pgfsys@svg@newline ->\Hnewline 
                                
l.232   \pgfusepathqstroke}
                           
? 
! Undefined control sequence.
\pgfsys@svg@newline ->\Hnewline 
                                
l.232   \pgfusepathqstroke}
                           
? 
! Undefined control sequence.
\pgfsys@svg@newline ->\Hnewline 
                                
l.232   \pgfusepathqstroke}
                           
? 
! Undefined control sequence.
\pgfsys@svg@newline ->\Hnewline 
                                
l.232   \pgfusepathqstroke}
                           
? 
! Undefined control sequence.
\pgfsys@svg@newline ->\Hnewline 
                                
l.232   \pgfusepathqstroke}
                           
? 
! Undefined control sequence.
\pgfsys@svg@newline ->\Hnewline 
                                
l.237   \pgfusepathqfillstroke}
                               
? 
! Undefined control sequence.
\pgfsys@svg@newline ->\Hnewline 
                                
l.237   \pgfusepathqfillstroke}
                               
? 
! Undefined control sequence.
\pgfsys@svg@newline ->\Hnewline 
                                
l.237   \pgfusepathqfillstroke}
                               
? 
! Undefined control sequence.
\pgfsys@svg@newline ->\Hnewline 
                                
l.237   \pgfusepathqfillstroke}
                               
? 
! Undefined control sequence.
\pgfsys@svg@newline ->\Hnewline 
                                
l.237   \pgfusepathqfillstroke}
                               
? 
! Undefined control sequence.
\pgfsys@svg@newline ->\Hnewline 
                                
l.237   \pgfusepathqfillstroke}
                               
? 
! Undefined control sequence.
\pgfsys@svg@newline ->\Hnewline 
                                
l.237   \pgfusepathqfillstroke}
                               
? 
! Undefined control sequence.
\pgfsys@svg@newline ->\Hnewline 
                                
l.237   \pgfusepathqfillstroke}
                               
? 
! Undefined control sequence.
\pgfsys@svg@newline ->\Hnewline 
                                
l.237   \pgfusepathqfillstroke}
                               
? 
! Undefined control sequence.
\pgfsys@svg@newline ->\Hnewline 
                                
l.245   \pgfusepathqfillstroke}
                               
? 
! Undefined control sequence.
\pgfsys@svg@newline ->\Hnewline 
                                
l.245   \pgfusepathqfillstroke}
                               
? 
! Undefined control sequence.
\pgfsys@svg@newline ->\Hnewline 
                                
l.245   \pgfusepathqfillstroke}
                               
? 
! Undefined control sequence.
\pgfsys@svg@newline ->\Hnewline 
                                
l.245   \pgfusepathqfillstroke}
                               
? 
! Undefined control sequence.
\pgfsys@svg@newline ->\Hnewline 
                                
l.245   \pgfusepathqfillstroke}
                               
? 
! Undefined control sequence.
\pgfsys@svg@newline ->\Hnewline 
                                
l.245   \pgfusepathqfillstroke}
                               
? 
! Undefined control sequence.
\pgfsys@svg@newline ->\Hnewline 
                                
l.245   \pgfusepathqfillstroke}
                               
? 
\pgf@nodesepstart=\dimen179
\pgf@nodesepend=\dimen180
)
("C:\Program Files\MiKTeX 2.9\tex\latex\pgf\compatibility\pgfcomp-version-1-18.
sty"
Package: pgfcomp-version-1-18 2007/07/23 v3.0.1a (rcs-revision 1.1)
)) ("C:\Program Files\MiKTeX 2.9\tex\latex\pgf\utilities\pgffor.sty"
("C:\Program Files\MiKTeX 2.9\tex\latex\pgf\utilities\pgfkeys.sty"
("C:\Program Files\MiKTeX 2.9\tex\generic\pgf\utilities\pgfkeys.code.tex"))
("C:\Program Files\MiKTeX 2.9\tex\latex\pgf\math\pgfmath.sty"
("C:\Program Files\MiKTeX 2.9\tex\generic\pgf\math\pgfmath.code.tex"))
("C:\Program Files\MiKTeX 2.9\tex\generic\pgf\utilities\pgffor.code.tex"
Package: pgffor 2013/12/13 v3.0.1a (rcs-revision 1.25)

("C:\Program Files\MiKTeX 2.9\tex\generic\pgf\math\pgfmath.code.tex")
\pgffor@iter=\dimen181
\pgffor@skip=\dimen182
\pgffor@stack=\toks38
\pgffor@toks=\toks39
))
("C:\Program Files\MiKTeX 2.9\tex\generic\pgf\frontendlayer\tikz\tikz.code.tex"
Package: tikz 2015/08/07 v3.0.1a (rcs-revision 1.151)

("C:\Program Files\MiKTeX 2.9\tex\generic\pgf\libraries\pgflibraryplothandlers.
code.tex"
File: pgflibraryplothandlers.code.tex 2013/08/31 v3.0.1a (rcs-revision 1.20)
\pgf@plot@mark@count=\count125
\pgfplotmarksize=\dimen183
)
\tikz@lastx=\dimen184
\tikz@lasty=\dimen185
\tikz@lastxsaved=\dimen186
\tikz@lastysaved=\dimen187
\tikzleveldistance=\dimen188
\tikzsiblingdistance=\dimen189
\tikz@figbox=\box36
\tikz@figbox@bg=\box37
\tikz@tempbox=\box38
\tikz@tempbox@bg=\box39
\tikztreelevel=\count126
\tikznumberofchildren=\count127
\tikznumberofcurrentchild=\count128
\tikz@fig@count=\count129

("C:\Program Files\MiKTeX 2.9\tex\generic\pgf\modules\pgfmodulematrix.code.tex"
File: pgfmodulematrix.code.tex 2013/09/17  (rcs-revision 1.8)
\pgfmatrixcurrentrow=\count130
\pgfmatrixcurrentcolumn=\count131
\pgf@matrix@numberofcolumns=\count132
)
\tikz@expandcount=\count133

("C:\Program Files\MiKTeX 2.9\tex\generic\pgf\frontendlayer\tikz\libraries\tikz
librarytopaths.code.tex"
File: tikzlibrarytopaths.code.tex 2008/06/17 v3.0.1a (rcs-revision 1.2)
)))
("C:\Program Files\MiKTeX 2.9\tex\generic\pgf\frontendlayer\tikz\libraries\tikz
librarypositioning.code.tex"
File: tikzlibrarypositioning.code.tex 2008/10/06 v3.0.1a (rcs-revision 1.7)
)
("C:\Program Files\MiKTeX 2.9\tex\latex\tools\calc.sty"
Package: calc 2014/10/28 v4.3 Infix arithmetic (KKT,FJ)
\calc@Acount=\count134
\calc@Bcount=\count135
\calc@Adimen=\dimen190
\calc@Bdimen=\dimen191
\calc@Askip=\skip51
\calc@Bskip=\skip52
LaTeX Info: Redefining \setlength on input line 80.
LaTeX Info: Redefining \addtolength on input line 81.
\calc@Ccount=\count136
\calc@Cskip=\skip53
)
\c@@todonotes@numberoftodonotes=\count137
)
("C:\Program Files\MiKTeX 2.9\tex\latex\endnotes\endnotes.sty"
\c@endnote=\count138
\endnotesep=\dimen192
\@enotes=\write4
)
("C:\Program Files\MiKTeX 2.9\tex\latex\endfloat\endfloat.sty"
Package: endfloat 2011/12/25 v2.5d LaTeX2e package puts figures and tables at e
nd (jdm)
\c@posttable=\count139
\efloat@postttt=\write5
\@ef@tttopen=\count140
\c@postfigure=\count141
\efloat@postfff=\write6
\@ef@fffopen=\count142
)
("C:\Program Files\MiKTeX 2.9\tex\latex\psnfss\mathptmx.sty"
Package: mathptmx 2005/04/12 PSNFSS-v9.2a Times w/ Math, improved (SPQR, WaS) 
LaTeX Font Info:    Redeclaring symbol font `operators' on input line 28.
LaTeX Font Info:    Overwriting symbol font `operators' in version `normal'
(Font)                  OT1/lmr/m/n --> OT1/ztmcm/m/n on input line 28.
LaTeX Font Info:    Overwriting symbol font `operators' in version `bold'
(Font)                  OT1/lmr/bx/n --> OT1/ztmcm/m/n on input line 28.
LaTeX Font Info:    Redeclaring symbol font `letters' on input line 29.
LaTeX Font Info:    Overwriting symbol font `letters' in version `normal'
(Font)                  OML/lmm/m/it --> OML/ztmcm/m/it on input line 29.
LaTeX Font Info:    Overwriting symbol font `letters' in version `bold'
(Font)                  OML/lmm/b/it --> OML/ztmcm/m/it on input line 29.
LaTeX Font Info:    Redeclaring symbol font `symbols' on input line 30.
LaTeX Font Info:    Overwriting symbol font `symbols' in version `normal'
(Font)                  OMS/lmsy/m/n --> OMS/ztmcm/m/n on input line 30.
LaTeX Font Info:    Overwriting symbol font `symbols' in version `bold'
(Font)                  OMS/lmsy/b/n --> OMS/ztmcm/m/n on input line 30.
LaTeX Font Info:    Redeclaring symbol font `largesymbols' on input line 31.
LaTeX Font Info:    Overwriting symbol font `largesymbols' in version `normal'
(Font)                  OMX/lmex/m/n --> OMX/ztmcm/m/n on input line 31.
LaTeX Font Info:    Overwriting symbol font `largesymbols' in version `bold'
(Font)                  OMX/lmex/m/n --> OMX/ztmcm/m/n on input line 31.
\symbold=\mathgroup6
\symitalic=\mathgroup7
LaTeX Font Info:    Redeclaring math alphabet \mathbf on input line 34.
LaTeX Font Info:    Overwriting math alphabet `\mathbf' in version `normal'
(Font)                  OT1/lmr/bx/n --> OT1/ptm/bx/n on input line 34.
LaTeX Font Info:    Overwriting math alphabet `\mathbf' in version `bold'
(Font)                  OT1/lmr/bx/n --> OT1/ptm/bx/n on input line 34.
LaTeX Font Info:    Redeclaring math alphabet \mathit on input line 35.
LaTeX Font Info:    Overwriting math alphabet `\mathit' in version `normal'
(Font)                  OT1/lmr/m/it --> OT1/ptm/m/it on input line 35.
LaTeX Font Info:    Overwriting math alphabet `\mathit' in version `bold'
(Font)                  OT1/lmr/bx/it --> OT1/ptm/m/it on input line 35.
LaTeX Info: Redefining \hbar on input line 50.
)
("C:\Program Files\MiKTeX 2.9\tex\latex\soul\soul.sty"
Package: soul 2003/11/17 v2.4 letterspacing/underlining (mf)
\SOUL@word=\toks40
\SOUL@lasttoken=\toks41
\SOUL@cmds=\toks42
\SOUL@buffer=\toks43
\SOUL@token=\toks44
\SOUL@spaceskip=\skip54
\SOUL@ttwidth=\dimen193
\SOUL@uldp=\dimen194
\SOUL@ulht=\dimen195
)
("C:\Program Files\MiKTeX 2.9\tex\latex\hyperref\hyperref.sty"
Package: hyperref 2012/11/06 v6.83m Hypertext links for LaTeX

("C:\Program Files\MiKTeX 2.9\tex\generic\oberdiek\hobsub-hyperref.sty"
Package: hobsub-hyperref 2012/04/25 v1.12 Bundle oberdiek, subset hyperref (HO)


("C:\Program Files\MiKTeX 2.9\tex\generic\oberdiek\hobsub-generic.sty"
Package: hobsub-generic 2012/04/25 v1.12 Bundle oberdiek, subset generic (HO)
Package: hobsub 2012/04/25 v1.12 Construct package bundles (HO)
Package hobsub Info: Skipping package `infwarerr' (already loaded).
Package hobsub Info: Skipping package `ltxcmds' (already loaded).
Package: ifluatex 2010/03/01 v1.3 Provides the ifluatex switch (HO)
Package ifluatex Info: LuaTeX not detected.
Package hobsub Info: Skipping package `ifvtex' (already loaded).
Package: intcalc 2007/09/27 v1.1 Expandable calculations with integers (HO)
Package hobsub Info: Skipping package `ifpdf' (already loaded).
Package: etexcmds 2011/02/16 v1.5 Avoid name clashes with e-TeX commands (HO)
Package etexcmds Info: Could not find \expanded.
(etexcmds)             That can mean that you are not using pdfTeX 1.50 or
(etexcmds)             that some package has redefined \expanded.
(etexcmds)             In the latter case, load this package earlier.
Package: kvsetkeys 2012/04/25 v1.16 Key value parser (HO)
Package: kvdefinekeys 2011/04/07 v1.3 Define keys (HO)
Package: pdftexcmds 2011/11/29 v0.20 Utility functions of pdfTeX for LuaTeX (HO
)
Package pdftexcmds Info: LuaTeX not detected.
Package pdftexcmds Info: \pdf@primitive is available.
Package pdftexcmds Info: \pdf@ifprimitive is available.
Package pdftexcmds Info: \pdfdraftmode is ignored in DVI mode.
Package: pdfescape 2011/11/25 v1.13 Implements pdfTeX's escape features (HO)
Package: bigintcalc 2012/04/08 v1.3 Expandable calculations on big integers (HO
)
Package: bitset 2011/01/30 v1.1 Handle bit-vector datatype (HO)
Package: uniquecounter 2011/01/30 v1.2 Provide unlimited unique counter (HO)
)
Package hobsub Info: Skipping package `hobsub' (already loaded).
Package: letltxmacro 2010/09/02 v1.4 Let assignment for LaTeX macros (HO)
Package: hopatch 2011/06/24 v1.1 Wrapper for package hooks (HO)
Package: xcolor-patch 2011/01/30 xcolor patch
Package: atveryend 2011/06/30 v1.8 Hooks at the very end of document (HO)
Package atveryend Info: \enddocument detected (standard20110627).
Package hobsub Info: Skipping package `atbegshi' (already loaded).
Package: refcount 2011/10/16 v3.4 Data extraction from label references (HO)
Package: hycolor 2011/01/30 v1.7 Color options for hyperref/bookmark (HO)
)
("C:\Program Files\MiKTeX 2.9\tex\latex\oberdiek\auxhook.sty"
Package: auxhook 2011/03/04 v1.3 Hooks for auxiliary files (HO)


Package auxhook Warning: Cannot patch \document,
(auxhook)                using \AtBeginDocument instead.

) ("C:\Program Files\MiKTeX 2.9\tex\latex\oberdiek\kvoptions.sty"
Package: kvoptions 2011/06/30 v3.11 Key value format for package options (HO)
)
\@linkdim=\dimen196
\Hy@linkcounter=\count143
\Hy@pagecounter=\count144

("C:\Program Files\MiKTeX 2.9\tex\latex\hyperref\pd1enc.def"
File: pd1enc.def 2012/11/06 v6.83m Hyperref: PDFDocEncoding definition (HO)
Now handling font encoding PD1 ...
... no UTF-8 mapping file for font encoding PD1
)
\Hy@SavedSpaceFactor=\count145

("C:\Program Files\MiKTeX 2.9\tex\latex\00miktex\hyperref.cfg"
File: hyperref.cfg 2002/06/06 v1.2 hyperref configuration of TeXLive
)
Package hyperref Info: Option `colorlinks' set `true' on input line 4319.
Package hyperref Info: Hyper figures OFF on input line 4443.
Package hyperref Info: Link nesting OFF on input line 4448.
Package hyperref Info: Hyper index ON on input line 4451.
Package hyperref Info: Plain pages OFF on input line 4458.
Package hyperref Info: Backreferencing OFF on input line 4463.
Package hyperref Info: Implicit mode ON; LaTeX internals redefined.
Package hyperref Info: Bookmarks ON on input line 4688.
\c@Hy@tempcnt=\count146

("C:\Program Files\MiKTeX 2.9\tex\latex\url\url.sty"
\Urlmuskip=\muskip11
Package: url 2013/09/16  ver 3.4  Verb mode for urls, etc.
)
LaTeX Info: Redefining \url on input line 5041.
\XeTeXLinkMargin=\dimen197
\Fld@menulength=\count147
\Field@Width=\dimen198
\Fld@charsize=\dimen199
\Field@toks=\toks45
Package hyperref Info: Hyper figures OFF on input line 6295.
Package hyperref Info: Link nesting OFF on input line 6300.
Package hyperref Info: Hyper index ON on input line 6303.
Package hyperref Info: backreferencing OFF on input line 6310.
Package hyperref Info: Link coloring ON on input line 6313.
Package hyperref Info: Link coloring with OCG OFF on input line 6320.
Package hyperref Info: PDF/A mode OFF on input line 6325.
LaTeX Info: Redefining \ref on input line 6365.
LaTeX Info: Redefining \pageref on input line 6369.
\Hy@abspage=\count148


Package hyperref Message: Stopped early.

)

Package hyperref Message: Driver: htex4ht.

("C:\Program Files\MiKTeX 2.9\tex\latex\hyperref\htex4ht.def"
File: htex4ht.def 2012/11/06 v6.83m Hyperref driver for TeX4ht
Package hyperref Info: tex4ht is already loaded.
)
("C:\Program Files\MiKTeX 2.9\tex\latex\caption\caption.sty"
Package: caption 2015/09/17 v3.3-111 Customizing captions (AR)

("C:\Program Files\MiKTeX 2.9\tex\latex\caption\caption3.sty"
Package: caption3 2015/09/20 v1.7-115 caption3 kernel (AR)
Package caption3 Info: TeX engine: e-TeX on input line 57.
\captionmargin=\dimen256
\captionmargin@=\dimen257
\captionwidth=\dimen258
\caption@tempdima=\dimen259
\caption@indent=\dimen260
\caption@parindent=\dimen261
\caption@hangindent=\dimen262
)
\c@ContinuedFloat=\count149
Package caption Info: hyperref package is loaded.
Package caption Info: Hyperref support is turned off
(caption)             because hyperref has stopped early.
)
("C:\Program Files\MiKTeX 2.9\tex\generic\tex4ht\tex4ht.4ht"
version 2009-01-07-07:11
--------------------------------------
--- Note --- for additional information, use the command line option `info'
--------------------------------------

::::::::::::::::::::::::::::::::::::::::::
 TeX4ht info is available in the log file 
::::::::::::::::::::::::::::::::::::::::::
) ("C:\Program Files\MiKTeX 2.9\tex\generic\tex4ht\tex4ht.sty"
version 2008-10-27-17:23

--- needs --- tex4ht parlbias_prq_final ---
\tmp:cnt=\count150
(parlbias_prq_final.tmp)
\tmp:dim=\skip55
--------------------------------------
--- Note --- for XML code, use the command line option `xml' or `xhtml'
--------------------------------------
 (parlbias_prq_final.xref)
\:refout=\write7

("C:\Program Files\MiKTeX 2.9\tex\generic\tex4ht\html4.4ht"
version 2015-01-26-15:58
--------------------------------------
--- Note --- to remove the <?xml version=...?> processing instruction use the c
ommand line option `no-VERSION'
--------------------------------------
--------------------------------------
--- Note --- to remove the DOCTYPE declaration use the command line option `no-
DOCTYPE'
--------------------------------------
)
("C:\Program Files\MiKTeX 2.9\tex\generic\tex4ht\html4-math.4ht"
version 2009-05-18-23:01
)
--------------------------------------
--- Note --- for marking of the base font, use the command line option `fonts+'

--------------------------------------
--------------------------------------
--- Note --- for non active _, use the command line option `no_'
--------------------------------------
--------------------------------------
--- Note --- for _ of catcode 13, use the command line option `_13'
--------------------------------------
--------------------------------------
--- Note --- for non active ^, use the command line option `no^'
--------------------------------------
--------------------------------------
--- Note --- for ^ of catcode 13, use the command line option `^13'
--------------------------------------

("C:\Program Files\MiKTeX 2.9\tex\generic\tex4ht\html4.4ht"
version 2015-01-26-15:58
--------------------------------------
--- Note --- for alternative charset, use the command line option `charset=...'

--------------------------------------
--------------------------------------
--- Note --- to ignore CSS font decoration, use the `NoFonts' command line opti
on
--------------------------------------
--------------------------------------
--- Note --- for jpg bitmaps of pictures, use the `jpg' command line option. (C
haracter bitmaps are controled only by `g' records of tex4ht.env and `-g' switc
hes of tex4ht.c) 
--------------------------------------
--------------------------------------
--- Note --- for gif bitmaps of pictures, use the `gif' command line option. (C
haracter bitmaps are controled only by `g' records of tex4ht.env and `-g' switc
hes of tex4ht.c) 
--------------------------------------
--------------------------------------
--- Note --- for content and toc in 2 frames, use the command line option `fram
es'
--------------------------------------
--------------------------------------
--- Note --- for content, toc, and footnotes in 3 frames, use the command line 
option `frames-fn'
--------------------------------------
--------------------------------------
--- Note --- for file extension name xht, use the command line option `xht'
--------------------------------------
TeX4ht package options: html
--------------------------------------
--- Note --- to ignore CSS code, use the command line option `-css
--------------------------------------
--------------------------------------
--- Note --- for inline CSS code, use the command line option `css-in'
--------------------------------------
--------------------------------------
--- Note --- for pop ups on mouse over, use the command line option `mouseover'

--------------------------------------
--------------------------------------
--- Note --- for addressing images in a subdirectory, use the command line opti
on `imgdir:.../'
--------------------------------------
)
("C:\Program Files\MiKTeX 2.9\tex\generic\tex4ht\html4-math.4ht"
version 2009-05-18-23:01
)
\:tokwrite=\toks46
\:tokpage=\toks47
--------------------------------------
--- Note --- for back links to toc, use the command line option `sections+'
--------------------------------------
--------------------------------------
--- Note --- for linear crosslinks of pages, use the command line option `next'

--------------------------------------
\:tocout=\write8

("C:\Program Files\MiKTeX 2.9\tex\generic\tex4ht\html4.4ht"
version 2015-01-26-15:58
)
("C:\Program Files\MiKTeX 2.9\tex\generic\tex4ht\html4-math.4ht"
version 2009-05-18-23:01
)
("C:\Program Files\MiKTeX 2.9\tex\generic\tex4ht\latex.4ht"
version 2009-05-21-09:32
--------------------------------------
--- Note --- for links into captions, instead of float heads, use the command l
ine option `refcaption'
--------------------------------------

("C:\Program Files\MiKTeX 2.9\tex\generic\tex4ht\html4.4ht"
version 2015-01-26-15:58
--------------------------------------
--- Note --- For mini tocs immediately aftter the header use the command line o
ption `minitoc<'
--------------------------------------
--------------------------------------
--- Note --- for enumerated list elements with valued data, use the command lin
e option `enumerate+'
--------------------------------------
--------------------------------------
--- Note --- for enumerated list elements li's with value attributes, use the c
ommand line option `enumerate-'
--------------------------------------
--------------------------------------
--- Note --- for CSS2 code, use the command line option `css2'
--------------------------------------
--------------------------------------
--- Note --- for pictorial tabular, use the command line option `pic-tabular'
--------------------------------------
--------------------------------------
--- Note --- for bitmap fbox'es, use the command line option `pic-fbox'
--------------------------------------
--------------------------------------
--- Note --- for bitmap framebox'es, use the command line option `pic-framebox'

--------------------------------------
--------------------------------------
--- Note --- for inline footnotes use command line option `fn-in'
--------------------------------------
--------------------------------------
--- Note --- for tracing of latex font commands, use the command line option `f
onts'
--------------------------------------
--------------------------------------
--- Note --- for width specifications of tabular p entries, use the `p-width' c
ommand line option or a configuration similar to \Configure{HColWidth}{\HCode{ 
style="width:\HColWidth"}}
--------------------------------------
)
("C:\Program Files\MiKTeX 2.9\tex\generic\tex4ht\html4-math.4ht"
version 2009-05-18-23:01
--------------------------------------
--- Note --- for pictorial eqnarray, use the command line option `pic-eqnarray'

--------------------------------------
--------------------------------------
--- Note --- for pictorial array, use the command line option `pic-array'
--------------------------------------
--------------------------------------
--- Note --- for pictorial $...$ environments, use the command line option `pic
-m' (not recommended!!)
--------------------------------------
--------------------------------------
--- Note --- for pictorial $...$ and $$...$$ environments with latex alt, use t
he command line option `pic-m+' (not safe!!)
--------------------------------------
--------------------------------------
--- Note --- for pictorial array, use the command line option `pic-array'
--------------------------------------
))
("C:\Program Files\MiKTeX 2.9\tex\generic\tex4ht\fontmath.4ht"
version 2009-05-21-09:32

("C:\Program Files\MiKTeX 2.9\tex\generic\tex4ht\html4.4ht"
version 2015-01-26-15:58
)
("C:\Program Files\MiKTeX 2.9\tex\generic\tex4ht\html4-math.4ht"
version 2009-05-18-23:01
))
("C:\Program Files\MiKTeX 2.9\tex\generic\tex4ht\article.4ht"
version 2009-05-21-09:32

("C:\Program Files\MiKTeX 2.9\tex\generic\tex4ht\html4.4ht"
version 2015-01-26-15:58
--------------------------------------
--- Note --- for automatic sectioning pagination, use the command line option `
1', `2', `3', '4', '5', '6', or '7'
--------------------------------------
--------------------------------------
--- Note --- for files named derived from section titles, use the command line 
option `sec-filename'
--------------------------------------
--------------------------------------
--- Note --- for i-columns index, use the command line option `index=i' (e.g., 
index=2)
--------------------------------------
)
("C:\Program Files\MiKTeX 2.9\tex\generic\tex4ht\html4-math.4ht"
version 2009-05-18-23:01
))
("C:\Program Files\MiKTeX 2.9\tex\generic\tex4ht\inputenc.4ht"
version 2009-05-21-09:32

("C:\Program Files\MiKTeX 2.9\tex\generic\tex4ht\html4.4ht"
version 2015-01-26-15:58
)
("C:\Program Files\MiKTeX 2.9\tex\generic\tex4ht\html4-math.4ht"
version 2009-05-18-23:01
))
("C:\Program Files\MiKTeX 2.9\tex\generic\tex4ht\utf8.4ht"
version 2009-05-21-09:32

("C:\Program Files\MiKTeX 2.9\tex\generic\tex4ht\html4.4ht"
version 2015-01-26-15:58
)
("C:\Program Files\MiKTeX 2.9\tex\generic\tex4ht\html4-math.4ht"
version 2009-05-18-23:01
))
("C:\Program Files\MiKTeX 2.9\tex\generic\tex4ht\amsmath.4ht"
version 2009-05-21-09:32
\tmp:muskip=\muskip12

("C:\Program Files\MiKTeX 2.9\tex\generic\tex4ht\html4.4ht"
version 2015-01-26-15:58
)
("C:\Program Files\MiKTeX 2.9\tex\generic\tex4ht\html4-math.4ht"
version 2009-05-18-23:01
))
("C:\Program Files\MiKTeX 2.9\tex\generic\tex4ht\amstext.4ht"
version 2009-05-21-09:32

("C:\Program Files\MiKTeX 2.9\tex\generic\tex4ht\html4.4ht"
version 2015-01-26-15:58
)
("C:\Program Files\MiKTeX 2.9\tex\generic\tex4ht\html4-math.4ht"
version 2009-05-18-23:01
))
("C:\Program Files\MiKTeX 2.9\tex\generic\tex4ht\amsbsy.4ht"
version 2009-05-21-09:32

("C:\Program Files\MiKTeX 2.9\tex\generic\tex4ht\html4.4ht"
version 2015-01-26-15:58
)
("C:\Program Files\MiKTeX 2.9\tex\generic\tex4ht\html4-math.4ht"
version 2009-05-18-23:01
))
("C:\Program Files\MiKTeX 2.9\tex\generic\tex4ht\amsopn.4ht"
version 2009-05-21-09:32

("C:\Program Files\MiKTeX 2.9\tex\generic\tex4ht\html4.4ht"
version 2015-01-26-15:58
)
("C:\Program Files\MiKTeX 2.9\tex\generic\tex4ht\html4-math.4ht"
version 2009-05-18-23:01
))
("C:\Program Files\MiKTeX 2.9\tex\generic\tex4ht\amsfonts.4ht"
version 2009-05-21-09:32

("C:\Program Files\MiKTeX 2.9\tex\generic\tex4ht\html4.4ht"
version 2015-01-26-15:58
)
("C:\Program Files\MiKTeX 2.9\tex\generic\tex4ht\html4-math.4ht"
version 2009-05-18-23:01
))
("C:\Program Files\MiKTeX 2.9\tex\generic\tex4ht\amssymb.4ht"
version 2009-05-21-09:32

("C:\Program Files\MiKTeX 2.9\tex\generic\tex4ht\html4.4ht"
version 2015-01-26-15:58
)
("C:\Program Files\MiKTeX 2.9\tex\generic\tex4ht\html4-math.4ht"
version 2009-05-18-23:01
))
("C:\Program Files\MiKTeX 2.9\tex\generic\tex4ht\graphicx.4ht"
version 2015-08-05-15:37

("C:\Program Files\MiKTeX 2.9\tex\generic\tex4ht\html4.4ht"
version 2015-01-26-15:58
)
("C:\Program Files\MiKTeX 2.9\tex\generic\tex4ht\html4-math.4ht"
version 2009-05-18-23:01
))
("C:\Program Files\MiKTeX 2.9\tex\generic\tex4ht\graphics.4ht"
version 2009-05-21-09:32

("C:\Program Files\MiKTeX 2.9\tex\generic\tex4ht\html4.4ht"
version 2015-01-26-15:58
--------------------------------------
--- Note --- if included graphics are of degraded quality, try the command line
 options `graphics-num' or `graphics-'. The `num' should provide the density of
 pixels in the bitmaps (e.g., 110). 
--------------------------------------
--------------------------------------
--- Note --- for key dimensions try the option `Gin-dim'; for key dimensions wh
en bounding box is unavailable try `Gin-dim+'; neither is recommended
--------------------------------------
)
("C:\Program Files\MiKTeX 2.9\tex\generic\tex4ht\html4-math.4ht"
version 2009-05-18-23:01
))
("C:\Program Files\MiKTeX 2.9\tex\generic\tex4ht\dvips.4ht"
version 2009-05-21-09:32

("C:\Program Files\MiKTeX 2.9\tex\generic\tex4ht\html4.4ht"
version 2015-01-26-15:58
)
("C:\Program Files\MiKTeX 2.9\tex\generic\tex4ht\html4-math.4ht"
version 2009-05-18-23:01
))
("C:\Program Files\MiKTeX 2.9\tex\generic\tex4ht\booktabs.4ht"
version 2009-05-21-09:32

("C:\Program Files\MiKTeX 2.9\tex\generic\tex4ht\html4.4ht"
version 2015-01-26-15:58
)
("C:\Program Files\MiKTeX 2.9\tex\generic\tex4ht\html4-math.4ht"
version 2009-05-18-23:01
))
("C:\Program Files\MiKTeX 2.9\tex\generic\tex4ht\natbib.4ht"
version 2013-01-19-12:33

("C:\Program Files\MiKTeX 2.9\tex\generic\tex4ht\html4.4ht"
version 2015-01-26-15:58
)
("C:\Program Files\MiKTeX 2.9\tex\generic\tex4ht\html4-math.4ht"
version 2009-05-18-23:01
))
("C:\Program Files\MiKTeX 2.9\tex\generic\tex4ht\dcolumn.4ht"
version 2009-05-21-09:32

("C:\Program Files\MiKTeX 2.9\tex\generic\tex4ht\html4.4ht"
version 2015-01-26-15:58
)
("C:\Program Files\MiKTeX 2.9\tex\generic\tex4ht\html4-math.4ht"
version 2009-05-18-23:01
))
("C:\Program Files\MiKTeX 2.9\tex\generic\tex4ht\array.4ht"
version 2009-05-21-09:32

("C:\Program Files\MiKTeX 2.9\tex\generic\tex4ht\html4.4ht"
version 2015-01-26-15:58
)
("C:\Program Files\MiKTeX 2.9\tex\generic\tex4ht\html4-math.4ht"
version 2009-05-18-23:01
--------------------------------------
--- Note --- for pictorial array, use the command line option `pic-array'
--------------------------------------
))
("C:\Program Files\MiKTeX 2.9\tex\generic\tex4ht\tabulary.4ht"
version 2009-05-21-09:32
)
("C:\Program Files\MiKTeX 2.9\tex\generic\tex4ht\microtype.4ht"
version 2009-05-21-09:32

("C:\Program Files\MiKTeX 2.9\tex\generic\tex4ht\html4.4ht"
version 2015-01-26-15:58
)
("C:\Program Files\MiKTeX 2.9\tex\generic\tex4ht\html4-math.4ht"
version 2009-05-18-23:01
))
("C:\Program Files\MiKTeX 2.9\tex\generic\tex4ht\ifthen.4ht"
version 2009-05-21-09:32

("C:\Program Files\MiKTeX 2.9\tex\generic\tex4ht\html4.4ht"
version 2015-01-26-15:58
)
("C:\Program Files\MiKTeX 2.9\tex\generic\tex4ht\html4-math.4ht"
version 2009-05-18-23:01
))
("C:\Program Files\MiKTeX 2.9\tex\generic\tex4ht\xcolor.4ht"
version 2009-05-21-09:32

("C:\Program Files\MiKTeX 2.9\tex\generic\tex4ht\color.4ht"
version 2009-05-21-09:32

("C:\Program Files\MiKTeX 2.9\tex\generic\tex4ht\html4.4ht"
version 2015-01-26-15:58
)
("C:\Program Files\MiKTeX 2.9\tex\generic\tex4ht\html4-math.4ht"
version 2009-05-18-23:01
))
("C:\Program Files\MiKTeX 2.9\tex\generic\tex4ht\html4.4ht"
version 2015-01-26-15:58
)
("C:\Program Files\MiKTeX 2.9\tex\generic\tex4ht\html4-math.4ht"
version 2009-05-18-23:01
))
("C:\Program Files\MiKTeX 2.9\tex\generic\tex4ht\color.4ht"
version 2009-05-21-09:32
)
("C:\Program Files\MiKTeX 2.9\tex\generic\tex4ht\pgf.4ht"
version 2009-05-21-09:32

("C:\Program Files\MiKTeX 2.9\tex\generic\tex4ht\html4.4ht"
version 2015-01-26-15:58
)
("C:\Program Files\MiKTeX 2.9\tex\generic\tex4ht\html4-math.4ht"
version 2009-05-18-23:01
))
("C:\Program Files\MiKTeX 2.9\tex\generic\tex4ht\everyshi.4ht"
version 2009-05-21-09:32

("C:\Program Files\MiKTeX 2.9\tex\generic\tex4ht\html4.4ht"
version 2015-01-26-15:58
)
("C:\Program Files\MiKTeX 2.9\tex\generic\tex4ht\html4-math.4ht"
version 2009-05-18-23:01
))
("C:\Program Files\MiKTeX 2.9\tex\generic\tex4ht\endnotes.4ht"
version 2009-05-21-09:32

("C:\Program Files\MiKTeX 2.9\tex\generic\tex4ht\html4.4ht"
version 2015-01-26-15:58
)
("C:\Program Files\MiKTeX 2.9\tex\generic\tex4ht\html4-math.4ht"
version 2009-05-18-23:01
))
("C:\Program Files\MiKTeX 2.9\tex\generic\tex4ht\endfloat.4ht"
version 2009-05-21-09:32

("C:\Program Files\MiKTeX 2.9\tex\generic\tex4ht\html4.4ht"
version 2015-01-26-15:58
)
("C:\Program Files\MiKTeX 2.9\tex\generic\tex4ht\html4-math.4ht"
version 2009-05-18-23:01
))
("C:\Program Files\MiKTeX 2.9\tex\generic\tex4ht\soul.4ht"
version 2009-05-21-09:32

("C:\Program Files\MiKTeX 2.9\tex\generic\tex4ht\html4.4ht"
version 2015-01-26-15:58
)
("C:\Program Files\MiKTeX 2.9\tex\generic\tex4ht\html4-math.4ht"
version 2009-05-18-23:01
))
("C:\Program Files\MiKTeX 2.9\tex\generic\tex4ht\hyperref.4ht"
version 2011-01-30-16:01

("C:\Program Files\MiKTeX 2.9\tex\latex\hyperref\nameref.sty"
Package: nameref 2012/10/27 v2.43 Cross-referencing by name of section

("C:\Program Files\MiKTeX 2.9\tex\generic\oberdiek\gettitlestring.sty"
Package: gettitlestring 2010/12/03 v1.4 Cleanup title references (HO)
)
\c@section@level=\count151
)
("C:\Program Files\MiKTeX 2.9\tex\generic\tex4ht\nameref.4ht"
version 2013-06-28-15:01

("C:\Program Files\MiKTeX 2.9\tex\generic\tex4ht\html4.4ht"
version 2015-01-26-15:58
)
("C:\Program Files\MiKTeX 2.9\tex\generic\tex4ht\html4-math.4ht"
version 2009-05-18-23:01
))
LaTeX Info: Redefining \autoref on input line 100.
\Hy@SectionHShift=\skip56

("C:\Program Files\MiKTeX 2.9\tex\generic\tex4ht\html4.4ht"
version 2015-01-26-15:58
)
("C:\Program Files\MiKTeX 2.9\tex\generic\tex4ht\html4-math.4ht"
version 2009-05-18-23:01
))
("C:\Program Files\MiKTeX 2.9\tex\generic\tex4ht\pd1enc.4ht"
version 2009-05-21-09:32

("C:\Program Files\MiKTeX 2.9\tex\generic\tex4ht\html4.4ht"
version 2015-01-26-15:58
)
("C:\Program Files\MiKTeX 2.9\tex\generic\tex4ht\html4-math.4ht"
version 2009-05-18-23:01
))
("C:\Program Files\MiKTeX 2.9\tex\generic\tex4ht\url.4ht"
version 2009-05-21-09:32

("C:\Program Files\MiKTeX 2.9\tex\generic\tex4ht\html4.4ht"
version 2015-01-26-15:58
--------------------------------------
--- Note --- for URL encoding within href use the command line option `url-enc'

--------------------------------------
)
("C:\Program Files\MiKTeX 2.9\tex\generic\tex4ht\html4-math.4ht"
version 2009-05-18-23:01
))
("C:\Program Files\MiKTeX 2.9\tex\generic\tex4ht\caption.4ht"
version 2013-03-03-19:41

("C:\Program Files\MiKTeX 2.9\tex\generic\tex4ht\html4.4ht"
version 2015-01-26-15:58
)
("C:\Program Files\MiKTeX 2.9\tex\generic\tex4ht\html4-math.4ht"
version 2009-05-18-23:01
))
("C:\Program Files\MiKTeX 2.9\tex\generic\tex4ht\tabulary-a.4ht"
version 2009-05-21-09:32

("C:\Program Files\MiKTeX 2.9\tex\generic\tex4ht\html4.4ht"
version 2015-01-26-15:58
)
("C:\Program Files\MiKTeX 2.9\tex\generic\tex4ht\html4-math.4ht"
version 2009-05-18-23:01
))
("C:\Program Files\MiKTeX 2.9\tex\generic\tex4ht\html4.4ht"
version 2015-01-26-15:58
)
("C:\Program Files\MiKTeX 2.9\tex\generic\tex4ht\html4-math.4ht"
version 2009-05-18-23:01
))
(parlbias_prq_final.aux)
LaTeX Font Info:    Checking defaults for OML/cmm/m/it on input line 42.
LaTeX Font Info:    ... okay on input line 42.
LaTeX Font Info:    Checking defaults for T1/cmr/m/n on input line 42.
LaTeX Font Info:    ... okay on input line 42.
LaTeX Font Info:    Checking defaults for OT1/cmr/m/n on input line 42.
LaTeX Font Info:    ... okay on input line 42.
LaTeX Font Info:    Checking defaults for OMS/cmsy/m/n on input line 42.
LaTeX Font Info:    ... okay on input line 42.
LaTeX Font Info:    Checking defaults for OMX/cmex/m/n on input line 42.
LaTeX Font Info:    ... okay on input line 42.
LaTeX Font Info:    Checking defaults for U/cmr/m/n on input line 42.
LaTeX Font Info:    ... okay on input line 42.
LaTeX Font Info:    Checking defaults for PD1/pdf/m/n on input line 42.
LaTeX Font Info:    ... okay on input line 42.
LaTeX Font Info:    Try loading font information for T1+ptm on input line 42.
 ("C:\Program Files\MiKTeX 2.9\tex\latex\psnfss\t1ptm.fd"
File: t1ptm.fd 2001/06/04 font definitions for T1/ptm.
)
\AtBeginShipoutBox=\box40
LaTeX Info: Redefining \microtypecontext on input line 42.
Package microtype Info: Generating DVI output.
Package microtype Info: No character protrusion.
Package microtype Info: No font expansion.
Package microtype Info: No adjustment of tracking.
Package microtype Info: No adjustment of interword spacing.
Package microtype Info: No adjustment of character kerning.

*geometry* driver: auto-detecting
*geometry* detected driver: dvips
*geometry* verbose mode - [ preamble ] result:
* driver: dvips
* paper: a4paper
* layout: <same size as paper>
* layoutoffset:(h,v)=(0.0pt,0.0pt)
* modes: 
* h-part:(L,W,R)=(72.26999pt, 452.9679pt, 72.26999pt)
* v-part:(T,H,B)=(108.405pt, 628.23685pt, 108.405pt)
* \paperwidth=597.50787pt
* \paperheight=845.04684pt
* \textwidth=452.9679pt
* \textheight=628.23685pt
* \oddsidemargin=0.0pt
* \evensidemargin=0.0pt
* \topmargin=-0.86499pt
* \headheight=12.0pt
* \headsep=25.0pt
* \topskip=12.0pt
* \footskip=30.0pt
* \marginparwidth=35.0pt
* \marginparsep=10.0pt
* \columnsep=10.0pt
* \skip\footins=10.8pt plus 4.0pt minus 2.0pt
* \hoffset=0.0pt
* \voffset=0.0pt
* \mag=1000
* \@twocolumnfalse
* \@twosidefalse
* \@mparswitchfalse
* \@reversemarginfalse
* (1in=72.27pt=25.4mm, 1cm=28.453pt)

Package hyperref Info: Link coloring ON on input line 42.
LaTeX Info: Redefining \ref on input line 42.
LaTeX Info: Redefining \pageref on input line 42.
LaTeX Info: Redefining \nameref on input line 42.
Package caption Info: Begin \AtBeginDocument code.
Package caption Info: Incompatible package detected (regarding \caption).
(caption)             \caption = macro:->\SkipRefstepAnchor \ifx \@captype \@un
defined \@latex@error {\noexpand \caption outside float}\@ehd \expandafter \@go
bble \else \refstepcounter \@captype \expandafter \@firstofone \fi {\@dblarg {\
@caption \@captype }}.
Package caption Info: Incompatible package detected (regarding \@caption).
(caption)             \@caption = \long macro:#1[#2]->\gdef \NR:Type {\@currenv
ir }\gdef \NR:Title {\a:newlabel {#2}}\o:NR@@caption {#1}[{#2}].

Package caption Warning: \caption will not be redefined since it's already
(caption)                redefined by a document class or package which is
(caption)                unknown to the caption package.
See the caption package documentation for explanation.

Package caption Info: End \AtBeginDocument code.
--- file parlbias_prq_final.css ---
[1

] [2]
LaTeX Font Info:    Font shape `T1/ptm/bx/n' in size <20.74> not available
(Font)              Font shape `T1/ptm/b/n' tried instead on input line 44.
LaTeX Font Info:    Try loading font information for OT1+ztmcm on input line 44
.
 ("C:\Program Files\MiKTeX 2.9\tex\latex\psnfss\ot1ztmcm.fd"
File: ot1ztmcm.fd 2000/01/03 Fontinst v1.801 font definitions for OT1/ztmcm.
)
LaTeX Font Info:    Try loading font information for OML+ztmcm on input line 44
.

("C:\Program Files\MiKTeX 2.9\tex\latex\psnfss\omlztmcm.fd"
File: omlztmcm.fd 2000/01/03 Fontinst v1.801 font definitions for OML/ztmcm.
)
LaTeX Font Info:    Try loading font information for OMS+ztmcm on input line 44
.

("C:\Program Files\MiKTeX 2.9\tex\latex\psnfss\omsztmcm.fd"
File: omsztmcm.fd 2000/01/03 Fontinst v1.801 font definitions for OMS/ztmcm.
)
LaTeX Font Info:    Try loading font information for OMX+ztmcm on input line 44
.

("C:\Program Files\MiKTeX 2.9\tex\latex\psnfss\omxztmcm.fd"
File: omxztmcm.fd 2000/01/03 Fontinst v1.801 font definitions for OMX/ztmcm.
)
LaTeX Font Info:    Try loading font information for OT1+ptm on input line 44.

("C:\Program Files\MiKTeX 2.9\tex\latex\psnfss\ot1ptm.fd"
File: ot1ptm.fd 2001/06/04 font definitions for OT1/ptm.
)
LaTeX Font Info:    Font shape `OT1/ptm/bx/n' in size <14.4> not available
(Font)              Font shape `OT1/ptm/b/n' tried instead on input line 44.
LaTeX Font Info:    Font shape `OT1/ptm/bx/n' in size <10.95> not available
(Font)              Font shape `OT1/ptm/b/n' tried instead on input line 44.
LaTeX Font Info:    Font shape `OT1/ptm/bx/n' in size <8> not available
(Font)              Font shape `OT1/ptm/b/n' tried instead on input line 44.
LaTeX Font Info:    Try loading font information for OMS+ptm on input line 44.

("C:\Program Files\MiKTeX 2.9\tex\latex\psnfss\omsptm.fd"
File: omsptm.fd 
)
LaTeX Font Info:    Font shape `OMS/ptm/m/n' in size <14.4> not available
(Font)              Font shape `OMS/cmsy/m/n' tried instead on input line 44.
LaTeX Font Info:    Font shape `OMS/ptm/m/n' in size <12> not available
(Font)              Font shape `OMS/cmsy/m/n' tried instead on input line 44.
LaTeX Font Info:    Try loading font information for T1+lmtt on input line 44.

("C:\Program Files\MiKTeX 2.9\tex\latex\lm\t1lmtt.fd"
File: t1lmtt.fd 2009/10/30 v1.6 Font defs for Latin Modern
) [3]
LaTeX Font Info:    Font shape `T1/ptm/bx/n' in size <10.95> not available
(Font)              Font shape `T1/ptm/b/n' tried instead on input line 58.
 [4

]
LaTeX Font Info:    Font shape `T1/ptm/bx/n' in size <17.28> not available
(Font)              Font shape `T1/ptm/b/n' tried instead on input line 73.
LaTeX Font Info:    Font shape `OT1/ptm/bx/n' in size <12> not available
(Font)              Font shape `OT1/ptm/b/n' tried instead on input line 77.
LaTeX Font Info:    Font shape `OT1/ptm/bx/n' in size <9> not available
(Font)              Font shape `OT1/ptm/b/n' tried instead on input line 77.
LaTeX Font Info:    Font shape `OT1/ptm/bx/n' in size <7> not available
(Font)              Font shape `OT1/ptm/b/n' tried instead on input line 77.
 [5] [6] [7]
[8]
LaTeX Font Info:    Font shape `T1/ptm/bx/n' in size <14.4> not available
(Font)              Font shape `T1/ptm/b/n' tried instead on input line 112.
 [9] [10] [11] [12] [13] (../tables/parlbias_sumstatstab_edited.txt
(parlbias_prq_final.ttt))
l. 168 Writing parlbias_prq_final.idv[1] (parlbias_prq_final0x.png)
 [14] (parlbias_prq_final.fff) [15]
(../tables/parlbias_regtab1.txt) [16] [17] (../tables/parlbias_regtab1logit.txt
) [18] [19] (../tables/parlbias_regtabmods.txt [20]) [21] [22] [23] [24]
[25] (parlbias_prq_final.ent) [26] (parlbias_prq_final.bbl [27

] [28] [29]
[30] [31]) [32]
LaTeX Font Info:    Font shape `T1/ptm/bx/n' in size <12> not available
(Font)              Font shape `T1/ptm/b/n' tried instead on input line 289.
 [33

] (../tables/parlbias_regtabrs.txt)
(../tables/parlbias_regtabexpm.txt [34

]) (../tables/parlbias_regtabdfe.txt)
[35] (../tables/parlbias_remarksregtab.txt) [36

]
AED endfloat: Processing end Figures and Tables [37

] [38

]
(parlbias_prq_final.ttt [39

] [40

]
LaTeX Font Info:    Font shape `OT1/ptm/bx/n' in size <10> not available
(Font)              Font shape `OT1/ptm/b/n' tried instead on input line 5.
LaTeX Font Info:    Font shape `OT1/ptm/bx/n' in size <7.4> not available
(Font)              Font shape `OT1/ptm/b/n' tried instead on input line 5.
LaTeX Font Info:    Font shape `OT1/ptm/bx/n' in size <6> not available
(Font)              Font shape `OT1/ptm/b/n' tried instead on input line 5.
 [41

] [42

] [43

] [44

] [45

] [46

] [47

] [48

]
[49

] [50

] [51

] [52

] [53

] [54

] [55

] [56

] [57

] [58

] [59

] [60

] [61

] [62

] [63

]
[64

] [65

] [66

] [67

] [68

] [69

] [70

]) [71

] (parlbias_prq_final.fff [72

] [73

]
l.3 --- TeX4ht warning --- File `../figures/parlbias_dens.xbb' not found ---
l.3 --- TeX4ht warning --- Cannot determine size of graphic in ../figures/parlb
ias_dens.xbb (no BoundingBox) ---
l. 3 --- needs --- ../figures/parlbias_dens.png ---
[74

] [75

] [76

] [77

]
l.10 --- TeX4ht warning --- File `../figures/parlbias_effectplot.xbb' not found
 ---
l.10 --- TeX4ht warning --- Cannot determine size of graphic in ../figures/parl
bias_effectplot.xbb (no BoundingBox) ---
l. 10 --- needs --- ../figures/parlbias_effectplot.png ---
[78

] [79

] [80

] [81

]
l.17 --- TeX4ht warning --- File `../figures/parlbias_modeffectplot.xbb' not fo
und ---
l.17 --- TeX4ht warning --- Cannot determine size of graphic in ../figures/parl
bias_modeffectplot.xbb (no BoundingBox) ---
l. 17 --- needs --- ../figures/parlbias_modeffectplot.png ---
[82

] [83

] [84

] [85

]
l.24 --- TeX4ht warning --- File `../figures/parlbias_partyranefs.xbb' not foun
d ---
l.24 --- TeX4ht warning --- Cannot determine size of graphic in ../figures/parl
bias_partyranefs.xbb (no BoundingBox) ---
l. 24 --- needs --- ../figures/parlbias_partyranefs.png ---
[86

] [87

] [88

] [89

]
l.31 --- TeX4ht warning --- File `../figures/parlbias_chairranefs.xbb' not foun
d ---
l.31 --- TeX4ht warning --- Cannot determine size of graphic in ../figures/parl
bias_chairranefs.xbb (no BoundingBox) ---
l. 31 --- needs --- ../figures/parlbias_chairranefs.png ---
[90

] [91

]) [92

]
Package atveryend Info: Empty hook `BeforeClearDocument' on input line 345.
 [93]
Package atveryend Info: Empty hook `AfterLastShipout' on input line 345.
 (parlbias_prq_final.aux)
Package atveryend Info: Empty hook `AtVeryEndDocument' on input line 345.
Package atveryend Info: Empty hook `AtEndAfterFileList' on input line 345.
Package atveryend Info: Empty hook `AtVeryVeryEnd' on input line 345.
 ) 
Here is how much of TeX's memory you used:
 24844 strings out of 493637
 428796 string characters out of 3143791
 661559 words of memory out of 3000000
 27535 multiletter control sequences out of 15000+200000
 54284 words of font info for 105 fonts, out of 3000000 for 9000
 1025 hyphenation exceptions out of 8191
 68i,14n,98p,2108b,625s stack positions out of 5000i,500n,10000p,200000b,50000s

Output written on parlbias_prq_final.dvi (93 pages, 327672 bytes).
